[info]
Plant Name: Clarkson Inverter
Date: 18/04/2019

[measurements]
Time;Address;Model;MPPT;VDC1;IDC1;PDC1;VDC2;IDC2;PDC2;VAC;IAC;PAC;TINV;TINT;ENERGY;RISO;ILEAK;IRR;GENFREQ;
;;;;VDC;ADC;W;VDC;ADC;W;V;A;W;°C;°C;Wh;MOhm;mA;W/mq;Hz;

[start]
10:36;2;PVI-4.2-OUTD-US-W;S;141.6;0.0;0.0;0.0;0.0;0.0;0.0;0.0;270.9;0.0;0.0;0.0;0.0;0;0;0;
10:37;2;PVI-4.2-OUTD-US-W;S;199.3;5.6;1109.4;199.1;2.8;549.3;197.4;4.7;979.9;33.5;32.1;219.0;20.0;0;0;0;
10:38;2;PVI-4.2-OUTD-US-W;S;157.8;3.9;618.0;157.6;1.9;305.6;196.7;1.9;462.7;35.8;32.8;244.0;20.0;0;0;0;
10:39;2;PVI-4.2-OUTD-US-W;S;174.5;4.0;657.3;151.4;1.9;282.8;197.5;3.4;600.2;34.6;33.2;260.0;20.0;0;0;0;
10:40;2;PVI-4.2-OUTD-US-W;S;224.2;6.5;1466.6;224.0;3.2;726.9;198.0;9.1;1241.3;36.5;32.8;279.0;20.0;0;0;0;
10:41;2;PVI-4.2-OUTD-US-W;S;296.8;10.4;2976.8;273.7;4.9;1330.6;198.5;12.8;2852.0;35.0;32.8;295.0;20.0;0;0;0;
10:42;2;PVI-4.2-OUTD-US-W;S;142.2;3.1;438.8;141.8;1.5;217.0;197.5;8.2;438.7;35.2;33.0;316.0;20.0;0;0;0;
10:43;2;PVI-4.2-OUTD-US-W;S;85.7;1.4;143.1;117.1;0.7;80.6;196.7;1.3;143.0;37.9;34.8;343.0;20.0;0;0;0;
10:44;2;PVI-4.2-OUTD-US-W;S;268.3;9.2;2460.6;268.3;4.6;1223.6;197.9;10.7;2118.2;37.0;34.0;360.0;20.0;0;0;0;
10:45;2;PVI-4.2-OUTD-US-W;S;139.1;3.4;470.1;138.7;1.7;232.9;197.2;2.6;206.1;36.3;34.1;379.0;20.0;0;0;0;
10:46;2;PVI-4.2-OUTD-US-W;S;209.4;9.3;2217.9;269.4;4.4;1187.0;198.5;12.5;1105.4;36.5;34.2;398.0;20.0;0;0;0;
10:47;2;PVI-4.2-OUTD-US-W;S;245.2;7.9;1945.5;245.0;3.9;965.5;197.7;6.7;1854.4;36.0;34.5;418.0;20.0;0;0;0;
10:48;2;PVI-4.2-OUTD-US-W;S;239.3;7.4;1763.2;239.2;3.7;874.4;198.6;14.4;1649.0;36.1;33.9;436.0;20.0;0;0;0;
10:49;2;PVI-4.2-OUTD-US-W;S;244.9;7.9;1931.3;244.7;3.9;958.6;198.1;9.6;1546.7;40.2;35.8;474.0;20.0;0;0;0;
10:50;2;PVI-4.2-OUTD-US-W;S;250.6;8.4;2105.8;250.5;4.2;1045.7;197.5;4.6;1293.3;38.9;36.0;500.0;20.0;0;0;0;
10:51;2;PVI-4.2-OUTD-US-W;S;166.6;4.1;678.1;166.4;2.0;335.5;196.6;2.9;376.4;37.0;35.6;514.0;20.0;0;0;0;
10:52;2;PVI-4.2-OUTD-US-W;S;192.5;6.2;1198.2;192.3;2.5;487.7;197.5;4.7;812.8;38.9;36.1;537.0;20.0;0;0;0;
10:53;2;PVI-4.2-OUTD-US-W;S;225.0;6.9;1584.5;235.2;3.7;859.1;197.9;8.2;1590.6;37.2;35.2;551.0;20.0;0;0;0;
10:54;2;PVI-4.2-OUTD-US-W;S;210.2;8.9;2089.8;258.8;4.4;1147.2;197.6;8.2;1095.8;38.9;35.6;576.0;20.0;0;0;0;
10:55;2;PVI-4.2-OUTD-US-W;S;226.9;6.9;1451.5;191.9;3.4;659.5;197.8;10.2;1038.3;38.3;35.7;595.0;20.0;0;0;0;
10:56;2;PVI-4.2-OUTD-US-W;S;126.8;2.6;330.7;126.4;1.3;164.3;196.7;1.2;238.9;38.0;36.2;616.0;20.0;0;0;0;
10:57;2;PVI-4.2-OUTD-US-W;S;192.8;5.3;1012.1;192.6;2.6;501.1;197.2;4.5;849.6;40.5;37.0;644.0;20.0;0;0;0;
10:58;2;PVI-4.2-OUTD-US-W;S;198.0;5.4;1063.5;197.8;2.7;526.2;197.2;4.1;887.2;38.4;36.4;662.0;20.0;0;0;0;
10:59;2;PVI-4.2-OUTD-US-W;S;151.2;3.6;503.1;127.3;1.8;227.5;197.1;1.2;294.0;38.6;36.6;679.0;20.0;0;0;0;
11:00;2;PVI-4.2-OUTD-US-W;S;135.9;2.9;394.9;135.5;1.4;195.9;196.9;1.3;305.2;37.4;36.6;690.0;20.0;0;0;0;
11:01;2;PVI-4.2-OUTD-US-W;S;170.9;2.5;431.8;170.7;0.9;159.8;196.8;1.9;506.7;36.8;36.3;695.0;20.0;0;0;0;
11:02;2;PVI-4.2-OUTD-US-W;S;187.8;4.9;913.1;187.6;2.4;451.7;197.5;4.7;914.4;38.9;36.6;716.0;20.0;0;0;0;
11:03;2;PVI-4.2-OUTD-US-W;S;215.9;6.5;1401.6;215.7;3.1;659.0;198.1;7.1;1148.6;38.9;36.6;732.0;20.0;0;0;0;
11:04;2;PVI-4.2-OUTD-US-W;S;136.6;2.9;397.3;136.2;1.4;196.7;197.1;2.6;302.8;39.1;37.2;750.0;20.0;0;0;0;
11:05;2;PVI-4.2-OUTD-US-W;S;210.1;5.8;1220.7;209.9;2.9;604.5;197.6;5.2;1163.8;41.7;37.4;774.0;20.0;0;0;0;
11:06;2;PVI-4.2-OUTD-US-W;S;256.3;6.8;1655.5;234.3;3.5;819.0;198.4;11.0;1913.6;41.8;38.0;801.0;20.0;0;0;0;
11:07;2;PVI-4.2-OUTD-US-W;S;253.0;9.9;2503.5;252.8;4.9;1247.0;198.0;8.9;1809.6;41.5;37.8;825.0;20.0;0;0;0;
11:08;2;PVI-4.2-OUTD-US-W;S;236.7;6.8;1615.6;236.6;3.4;801.1;198.7;15.2;1955.9;41.4;38.1;855.0;20.0;0;0;0;
11:09;2;PVI-4.2-OUTD-US-W;S;240.5;8.6;2078.7;240.4;3.8;925.1;197.7;7.6;1428.3;44.6;37.2;891.0;20.0;0;0;0;
11:10;2;PVI-4.2-OUTD-US-W;S;216.0;7.4;1604.1;215.8;3.2;693.2;197.3;3.5;1003.9;41.4;38.6;913.0;20.0;0;0;0;
11:11;2;PVI-4.2-OUTD-US-W;S;130.6;2.7;356.9;130.2;1.4;176.6;197.0;1.1;216.5;41.2;39.0;932.0;20.0;0;0;0;
11:12;2;PVI-4.2-OUTD-US-W;S;175.8;4.3;750.3;175.5;2.1;369.8;197.6;4.7;666.5;38.5;37.8;936.0;20.0;0;0;0;
11:13;2;PVI-4.2-OUTD-US-W;S;70.1;1.1;104.7;118.0;0.5;64.4;196.7;1.3;76.6;37.8;37.6;939.0;20.0;0;0;0;
11:14;2;PVI-4.2-OUTD-US-W;S;154.1;4.8;818.2;190.2;2.4;447.6;197.1;5.1;807.2;37.3;37.2;943.0;20.0;0;0;0;
11:15;2;PVI-4.2-OUTD-US-W;S;81.0;1.4;113.1;80.2;0.7;54.8;196.8;0.5;71.0;37.6;37.6;951.0;20.0;0;0;0;
11:16;2;PVI-4.2-OUTD-US-W;S;115.5;2.5;288.1;115.0;1.2;143.0;196.8;1.1;257.3;38.2;37.5;964.0;20.0;0;0;0;
11:17;2;PVI-4.2-OUTD-US-W;S;139.9;2.9;404.6;139.5;1.4;200.3;196.9;2.1;367.6;37.6;37.4;968.0;20.0;0;0;0;
11:18;2;PVI-4.2-OUTD-US-W;S;111.0;2.1;236.1;111.9;1.1;117.6;197.0;1.9;180.5;36.9;37.0;970.0;20.0;0;0;0;
11:19;2;PVI-4.2-OUTD-US-W;S;178.1;4.5;794.5;177.9;2.2;393.1;197.5;3.8;672.9;37.2;37.1;978.0;20.0;0;0;0;
11:20;2;PVI-4.2-OUTD-US-W;S;137.2;2.8;389.2;136.8;1.4;192.7;197.0;1.4;338.8;37.2;37.1;985.0;20.0;0;0;0;
11:21;2;PVI-4.2-OUTD-US-W;S;138.4;2.8;430.5;171.1;1.4;236.1;197.2;3.6;601.0;36.8;36.8;988.0;20.0;0;0;0;
11:22;2;PVI-4.2-OUTD-US-W;S;183.5;5.1;938.5;183.3;2.5;464.5;197.0;2.0;214.1;36.6;36.4;994.0;20.0;0;0;0;
11:23;2;PVI-4.2-OUTD-US-W;S;126.5;2.7;337.9;126.1;1.3;167.5;197.0;0.5;174.9;36.5;36.5;999.0;20.0;0;0;0;
11:24;2;PVI-4.2-OUTD-US-W;S;99.4;1.7;172.4;98.7;0.8;82.2;196.9;0.9;98.2;36.5;36.6;1003.0;20.0;0;0;0;
11:25;2;PVI-4.2-OUTD-US-W;S;276.0;8.8;3308.1;494.7;4.0;1960.6;199.3;17.8;2326.8;36.1;36.1;1011.0;20.0;0;0;0;
11:26;2;PVI-4.2-OUTD-US-W;S;112.3;2.1;255.7;129.9;1.0;136.0;196.9;2.6;194.9;37.2;36.8;1021.0;20.0;0;0;0;
11:27;2;PVI-4.2-OUTD-US-W;S;175.5;4.5;788.2;175.3;2.2;390.0;197.5;3.4;680.1;37.6;36.7;1032.0;20.0;0;0;0;
11:28;2;PVI-4.2-OUTD-US-W;S;240.6;6.1;1465.6;240.5;2.4;586.9;197.2;3.5;1725.7;37.9;36.9;1048.0;20.0;0;0;0;
11:29;2;PVI-4.2-OUTD-US-W;S;107.2;1.8;185.8;92.7;0.8;77.6;196.7;0.6;112.6;36.9;36.8;1055.0;20.0;0;0;0;
11:30;2;PVI-4.2-OUTD-US-W;S;48.2;0.8;36.7;47.2;0.4;17.6;196.5;0.5;0.0;36.3;36.4;1056.0;20.0;0;0;0;
11:31;2;PVI-4.2-OUTD-US-W;S;98.3;1.6;155.8;97.7;0.8;75.8;196.6;0.6;119.8;36.4;36.4;1060.0;20.0;0;0;0;
11:32;2;PVI-4.2-OUTD-US-W;S;151.1;3.2;485.6;150.8;1.6;239.6;197.1;3.4;597.8;36.2;36.4;1064.0;20.0;0;0;0;
11:33;2;PVI-4.2-OUTD-US-W;S;252.6;8.5;2145.3;252.5;4.2;1065.4;197.8;6.1;1938.3;36.3;36.0;1069.0;20.0;0;0;0;
11:34;2;PVI-4.2-OUTD-US-W;S;166.5;1.5;188.1;89.2;0.7;63.4;197.2;3.6;298.8;37.0;36.7;1081.0;20.0;0;0;0;
11:35;2;PVI-4.2-OUTD-US-W;S;133.4;2.8;340.0;107.4;1.4;150.6;197.1;0.7;264.5;36.4;36.2;1086.0;20.0;0;0;0;
11:36;2;PVI-4.2-OUTD-US-W;S;122.2;2.4;296.3;121.7;1.2;147.0;197.0;1.7;255.7;36.4;36.4;1090.0;20.0;0;0;0;
11:37;2;PVI-4.2-OUTD-US-W;S;46.2;0.7;31.6;44.5;0.3;15.1;196.7;0.1;0.0;36.0;36.2;1093.0;20.0;0;0;0;
11:38;2;PVI-4.2-OUTD-US-W;S;50.4;0.9;45.9;49.4;0.5;22.5;196.5;1.7;2.4;35.7;35.9;1093.0;20.0;0;0;0;
11:39;2;PVI-4.2-OUTD-US-W;S;48.9;0.8;39.2;47.9;0.4;18.7;196.7;0.1;0.0;35.6;35.8;1093.0;20.0;0;0;0;
11:40;2;PVI-4.2-OUTD-US-W;S;113.3;2.1;244.7;114.4;1.1;121.9;196.9;1.0;202.1;35.6;35.6;1094.0;20.0;0;0;0;
11:41;2;PVI-4.2-OUTD-US-W;S;90.5;1.6;140.6;89.7;0.8;68.2;196.8;0.5;93.4;35.7;35.8;1096.0;20.0;0;0;0;
11:42;2;PVI-4.2-OUTD-US-W;S;102.2;1.8;183.8;101.6;0.9;90.3;196.8;2.0;185.3;35.6;35.8;1098.0;20.0;0;0;0;
11:43;2;PVI-4.2-OUTD-US-W;S;129.9;2.3;302.5;129.5;1.3;163.9;196.7;2.1;332.4;35.7;35.7;1101.0;20.0;0;0;0;
11:44;2;PVI-4.2-OUTD-US-W;S;46.5;0.7;30.7;45.4;0.3;14.3;196.6;0.5;0.0;35.5;35.7;1102.0;20.0;0;0;0;
11:45;2;PVI-4.2-OUTD-US-W;S;183.8;5.2;953.8;183.5;2.6;472.4;196.7;1.3;246.1;35.5;35.1;1106.0;20.0;0;0;0;
11:46;2;PVI-4.2-OUTD-US-W;S;113.5;2.1;251.1;131.4;1.0;133.4;197.1;1.7;212.5;35.6;35.7;1109.0;20.0;0;0;0;
11:47;2;PVI-4.2-OUTD-US-W;S;96.2;1.7;160.4;95.5;0.8;78.2;197.2;0.9;101.4;35.5;35.6;1112.0;20.0;0;0;0;
11:48;2;PVI-4.2-OUTD-US-W;S;80.7;1.4;115.6;80.0;0.7;56.0;197.1;0.1;87.0;35.9;36.0;1118.0;20.0;0;0;0;
11:49;2;PVI-4.2-OUTD-US-W;S;54.8;0.8;42.2;53.8;0.4;20.5;197.5;0.1;2.4;35.5;35.7;1120.0;20.0;0;0;0;
11:50;2;PVI-4.2-OUTD-US-W;S;91.4;1.6;147.3;90.7;0.8;70.2;197.7;0.7;86.2;35.3;35.5;1121.0;20.0;0;0;0;
11:51;2;PVI-4.2-OUTD-US-W;S;94.6;1.8;166.2;93.9;0.9;81.6;197.6;1.7;32.2;35.1;35.3;1121.0;20.0;0;0;0;
11:52;2;PVI-4.2-OUTD-US-W;S;80.9;1.4;110.4;80.1;0.7;54.5;197.6;0.1;37.9;35.2;35.3;1123.0;20.0;0;0;0;
11:53;2;PVI-4.2-OUTD-US-W;S;50.8;0.9;43.2;48.6;0.4;20.7;197.4;0.1;0.0;35.1;35.3;1124.0;20.0;0;0;0;
11:54;2;PVI-4.2-OUTD-US-W;S;123.5;2.6;308.8;110.8;1.3;145.1;197.9;0.9;166.1;35.2;35.2;1126.0;20.0;0;0;0;
11:55;2;PVI-4.2-OUTD-US-W;S;206.1;6.1;1256.0;205.9;2.9;596.3;198.1;4.2;922.3;35.3;35.1;1132.0;20.0;0;0;0;
11:56;2;PVI-4.2-OUTD-US-W;S;65.9;1.6;127.1;90.3;0.8;72.5;197.6;1.7;11.3;35.5;35.6;1138.0;20.0;0;0;0;
11:57;2;PVI-4.2-OUTD-US-W;S;98.6;1.8;180.1;97.9;0.9;88.6;197.5;0.1;132.6;35.5;35.4;1141.0;20.0;0;0;0;
11:58;2;PVI-4.2-OUTD-US-W;S;82.1;1.4;114.2;81.3;0.7;55.2;197.8;0.6;75.0;35.4;35.5;1145.0;20.0;0;0;0;
11:59;2;PVI-4.2-OUTD-US-W;S;76.8;1.3;90.0;58.5;0.6;37.6;197.4;0.1;19.3;35.2;35.2;1148.0;20.0;0;0;0;
12:00;2;PVI-4.2-OUTD-US-W;S;126.3;2.6;328.4;125.8;1.3;163.2;197.6;0.8;262.1;36.3;35.6;1156.0;20.0;0;0;0;
12:01;2;PVI-4.2-OUTD-US-W;S;173.0;4.3;745.3;172.8;2.1;368.7;198.2;2.2;430.7;35.7;35.3;1162.0;20.0;0;0;0;
12:02;2;PVI-4.2-OUTD-US-W;S;148.9;3.1;460.2;148.6;1.5;227.2;198.1;3.1;387.6;35.6;35.6;1167.0;20.0;0;0;0;
12:03;2;PVI-4.2-OUTD-US-W;S;130.4;2.7;397.4;168.4;1.3;223.1;198.2;4.1;358.8;36.7;35.7;1179.0;20.0;0;0;0;
12:04;2;PVI-4.2-OUTD-US-W;S;239.1;7.6;1810.9;239.0;3.8;898.3;198.1;4.7;1217.3;35.5;35.2;1186.0;20.0;0;0;0;
12:05;2;PVI-4.2-OUTD-US-W;S;197.0;4.7;918.6;196.8;1.9;379.9;197.7;2.3;683.3;35.3;35.0;1192.0;20.0;0;0;0;
12:06;2;PVI-4.2-OUTD-US-W;S;159.8;3.3;531.0;159.6;1.7;277.1;198.2;3.1;558.6;35.8;35.6;1200.0;20.0;0;0;0;
12:07;2;PVI-4.2-OUTD-US-W;S;186.1;3.3;605.2;185.9;2.2;404.0;198.0;5.6;1155.0;36.8;35.9;1215.0;20.0;0;0;0;
12:08;2;PVI-4.2-OUTD-US-W;S;108.6;2.9;310.8;108.0;1.4;153.7;197.8;0.9;210.9;36.4;35.9;1224.0;20.0;0;0;0;
12:09;2;PVI-4.2-OUTD-US-W;S;97.3;1.8;171.8;96.7;0.9;84.2;197.7;1.1;115.0;36.4;35.8;1231.0;20.0;0;0;0;
12:10;2;PVI-4.2-OUTD-US-W;S;75.1;1.6;132.2;85.6;1.0;85.5;197.8;0.1;45.9;35.6;35.6;1235.0;20.0;0;0;0;
12:11;2;PVI-4.2-OUTD-US-W;S;66.8;1.1;73.2;65.9;0.5;35.7;197.6;0.1;19.3;35.2;35.3;1236.0;20.0;0;0;0;
12:12;2;PVI-4.2-OUTD-US-W;S;120.1;2.3;279.9;119.6;1.2;138.7;198.2;1.4;226.1;35.2;35.1;1239.0;20.0;0;0;0;
12:13;2;PVI-4.2-OUTD-US-W;S;199.5;4.1;810.2;199.3;1.3;264.9;198.2;2.5;1020.7;37.0;35.9;1254.0;20.0;0;0;0;
12:14;2;PVI-4.2-OUTD-US-W;S;276.7;9.9;2281.6;184.6;4.9;908.5;199.3;2.6;1551.4;37.4;35.6;1265.0;20.0;0;0;0;
12:15;2;PVI-4.2-OUTD-US-W;S;83.8;1.7;164.0;109.3;0.9;98.7;198.1;2.1;95.0;38.8;36.8;1290.0;20.0;0;0;0;
12:16;2;PVI-4.2-OUTD-US-W;S;219.7;5.2;1151.8;219.5;3.1;676.0;197.9;2.8;1293.3;37.5;36.4;1302.0;20.0;0;0;0;
12:17;2;PVI-4.2-OUTD-US-W;S;76.5;1.3;97.4;75.7;0.6;47.1;197.8;0.1;36.3;37.3;36.6;1315.0;20.0;0;0;0;
12:18;2;PVI-4.2-OUTD-US-W;S;198.6;5.7;1124.5;198.4;2.8;556.9;198.8;7.9;1103.8;36.3;35.7;1320.0;20.0;0;0;0;
12:19;2;PVI-4.2-OUTD-US-W;S;216.2;6.3;1365.3;216.0;3.1;676.5;197.8;3.6;1410.8;36.7;35.9;1329.0;20.0;0;0;0;
12:20;2;PVI-4.2-OUTD-US-W;S;199.2;6.4;1273.6;199.0;3.4;672.9;198.2;5.5;780.9;36.0;35.6;1334.0;20.0;0;0;0;
12:21;2;PVI-4.2-OUTD-US-W;S;142.7;3.1;438.4;142.3;1.5;216.6;197.9;2.2;341.2;36.7;36.2;1346.0;20.0;0;0;0;
12:22;2;PVI-4.2-OUTD-US-W;S;96.1;1.6;157.5;95.4;0.8;78.8;197.7;0.6;143.8;36.0;36.0;1350.0;20.0;0;0;0;
12:23;2;PVI-4.2-OUTD-US-W;S;158.9;2.2;346.7;158.7;1.1;170.5;197.7;2.2;630.6;36.0;36.0;1355.0;20.0;0;0;0;
12:24;2;PVI-4.2-OUTD-US-W;S;171.7;4.0;693.0;171.5;2.1;355.2;198.3;2.7;719.3;36.0;35.9;1362.0;20.0;0;0;0;
12:25;2;PVI-4.2-OUTD-US-W;S;102.0;1.9;190.9;101.4;0.9;94.0;197.8;0.9;143.0;36.9;36.5;1373.0;20.0;0;0;0;
12:26;2;PVI-4.2-OUTD-US-W;S;123.1;2.8;343.3;122.6;1.4;170.4;197.9;1.2;281.3;36.5;36.3;1381.0;20.0;0;0;0;
12:27;2;PVI-4.2-OUTD-US-W;S;156.1;3.6;525.0;131.6;1.8;237.2;197.9;1.5;354.0;37.3;36.6;1392.0;20.0;0;0;0;
12:28;2;PVI-4.2-OUTD-US-W;S;133.6;2.6;351.7;133.2;1.3;174.3;197.6;2.0;281.3;37.1;36.6;1401.0;20.0;0;0;0;
12:29;2;PVI-4.2-OUTD-US-W;S;52.6;0.9;49.5;51.6;0.5;24.2;197.5;0.5;2.4;36.2;36.3;1406.0;20.0;0;0;0;
12:30;2;PVI-4.2-OUTD-US-W;S;52.8;0.9;43.5;47.0;0.4;20.4;197.7;1.7;0.0;35.8;36.0;1407.0;20.0;0;0;0;
12:31;2;PVI-4.2-OUTD-US-W;S;172.5;4.2;720.6;172.3;2.1;356.2;198.0;3.4;557.0;36.3;36.1;1413.0;20.0;0;0;0;
12:32;2;PVI-4.2-OUTD-US-W;S;132.1;2.7;338.9;118.4;1.3;159.4;197.8;1.0;270.1;36.0;36.1;1418.0;20.0;0;0;0;
12:33;2;PVI-4.2-OUTD-US-W;S;79.8;1.3;103.7;76.0;0.6;47.7;197.7;0.5;50.0;36.1;36.2;1424.0;20.0;0;0;0;
12:34;2;PVI-4.2-OUTD-US-W;S;54.1;0.9;51.3;54.0;0.5;25.7;197.9;1.7;12.1;35.6;35.8;1425.0;20.0;0;0;0;
12:35;2;PVI-4.2-OUTD-US-W;S;139.9;3.0;423.2;139.6;1.5;209.5;198.0;1.9;295.6;35.6;35.7;1429.0;20.0;0;0;0;
12:36;2;PVI-4.2-OUTD-US-W;S;143.1;3.0;425.2;142.8;1.5;210.4;197.9;2.3;465.1;35.6;35.8;1432.0;20.0;0;0;0;
12:37;2;PVI-4.2-OUTD-US-W;S;193.6;5.1;992.1;193.4;2.5;490.7;198.4;5.7;902.4;37.1;36.1;1444.0;20.0;0;0;0;
12:38;2;PVI-4.2-OUTD-US-W;S;69.2;1.2;74.7;57.5;0.6;33.0;197.5;0.1;12.1;36.0;36.1;1449.0;20.0;0;0;0;
12:39;2;PVI-4.2-OUTD-US-W;S;137.0;2.8;380.7;136.6;1.4;188.9;198.2;4.8;552.2;35.9;35.8;1451.0;20.0;0;0;0;
12:40;2;PVI-4.2-OUTD-US-W;S;138.4;2.5;349.0;138.0;1.5;200.3;197.5;1.7;336.4;35.8;35.8;1457.0;20.0;0;0;0;
12:41;2;PVI-4.2-OUTD-US-W;S;118.9;2.4;278.9;118.4;1.2;138.3;197.5;1.3;217.3;35.8;36.0;1462.0;20.0;0;0;0;
12:42;2;PVI-4.2-OUTD-US-W;S;143.7;3.1;439.8;143.4;1.5;217.4;197.7;2.6;475.5;35.6;35.7;1463.0;20.0;0;0;0;
12:43;2;PVI-4.2-OUTD-US-W;S;143.8;3.1;444.9;143.5;1.5;219.8;197.8;1.7;398.0;35.9;35.8;1470.0;20.0;0;0;0;
12:44;2;PVI-4.2-OUTD-US-W;S;60.0;1.0;61.0;59.0;0.5;30.0;197.6;0.1;10.5;37.1;36.1;1480.0;20.0;0;0;0;
12:45;2;PVI-4.2-OUTD-US-W;S;170.6;4.2;689.3;154.7;2.1;324.4;197.8;2.5;445.1;36.3;36.0;1489.0;20.0;0;0;0;
12:46;2;PVI-4.2-OUTD-US-W;S;156.5;3.4;532.0;156.2;1.7;262.8;197.9;3.7;513.9;36.3;36.2;1495.0;20.0;0;0;0;
12:47;2;PVI-4.2-OUTD-US-W;S;137.3;3.0;404.8;136.9;1.5;200.4;197.4;1.8;293.2;35.9;35.8;1500.0;20.0;0;0;0;
12:48;2;PVI-4.2-OUTD-US-W;S;140.8;3.1;442.7;140.4;1.5;217.5;197.7;1.9;274.1;35.6;35.6;1502.0;20.0;0;0;0;
12:49;2;PVI-4.2-OUTD-US-W;S;73.3;1.2;89.0;72.4;0.6;43.2;197.3;0.1;15.3;35.5;35.7;1503.0;20.0;0;0;0;
12:50;2;PVI-4.2-OUTD-US-W;S;117.5;2.2;264.9;121.6;1.1;133.6;197.3;2.0;236.5;35.6;35.6;1505.0;20.0;0;0;0;
12:51;2;PVI-4.2-OUTD-US-W;S;184.7;4.8;889.2;184.5;2.4;439.9;197.5;3.8;755.3;35.6;35.6;1509.0;20.0;0;0;0;
12:52;2;PVI-4.2-OUTD-US-W;S;158.1;3.5;553.6;157.8;1.7;273.0;197.5;4.7;517.1;35.9;35.9;1516.0;20.0;0;0;0;
12:53;2;PVI-4.2-OUTD-US-W;S;108.5;2.2;237.4;108.0;1.1;117.4;196.9;1.8;126.2;37.1;36.3;1529.0;20.0;0;0;0;
12:54;2;PVI-4.2-OUTD-US-W;S;131.4;2.7;361.1;134.6;1.4;181.8;197.0;1.6;298.0;36.8;36.3;1539.0;20.0;0;0;0;
12:55;2;PVI-4.2-OUTD-US-W;S;116.4;4.1;475.0;115.9;2.0;234.6;197.2;1.0;178.9;36.0;35.8;1543.0;20.0;0;0;0;
12:56;2;PVI-4.2-OUTD-US-W;S;136.6;3.2;429.9;136.2;1.6;212.8;197.3;1.8;352.4;35.9;35.8;1549.0;20.0;0;0;0;
12:57;2;PVI-4.2-OUTD-US-W;S;173.4;4.3;746.6;173.1;2.1;369.2;197.8;7.1;649.0;35.6;35.5;1554.0;20.0;0;0;0;
12:58;2;PVI-4.2-OUTD-US-W;S;135.8;2.8;389.0;138.2;1.4;195.1;197.4;1.8;328.4;36.7;36.3;1566.0;20.0;0;0;0;
12:59;2;PVI-4.2-OUTD-US-W;S;108.5;1.8;197.8;107.9;0.9;97.1;197.0;1.3;121.4;36.4;36.3;1573.0;20.0;0;0;0;
13:00;2;PVI-4.2-OUTD-US-W;S;188.3;4.6;861.6;188.1;2.3;438.0;197.4;6.7;918.3;36.6;36.3;1582.0;20.0;0;0;0;
13:01;2;PVI-4.2-OUTD-US-W;S;68.3;2.0;137.5;67.4;1.0;67.7;197.0;0.5;8.1;36.5;36.4;1592.0;20.0;0;0;0;
13:02;2;PVI-4.2-OUTD-US-W;S;92.3;1.7;169.7;104.9;0.9;96.5;197.1;1.2;131.0;36.4;36.3;1599.0;20.0;0;0;0;
13:03;2;PVI-4.2-OUTD-US-W;S;111.0;2.1;228.2;110.4;1.0;113.0;197.1;1.8;177.3;35.8;36.0;1601.0;20.0;0;0;0;
13:04;2;PVI-4.2-OUTD-US-W;S;35.8;0.4;13.2;34.6;0.2;7.2;196.6;0.1;0.0;35.7;35.7;1603.0;20.0;0;0;0;
13:05;2;PVI-4.2-OUTD-US-W;S;27.0;0.4;9.9;25.8;0.2;5.3;196.7;0.1;0.0;35.4;34.7;1603.0;20.0;0;0;0;
13:06;2;PVI-4.2-OUTD-US-W;S;24.5;0.4;8.9;23.3;0.2;4.8;196.7;0.1;0.0;35.3;34.4;1603.0;20.0;0;0;0;
13:07;2;PVI-4.2-OUTD-US-W;S;21.4;0.4;7.8;20.2;0.2;4.1;2.4;0.1;0.0;35.2;34.3;1603.0;20.0;0;0;0;

[system status]
Time: 4/18/2019 1:08:07 PM
System On Time: 4/18/2019 10:36:05 AM
System Off Time: 4/18/2019 1:08:07 PM
Today Energy: 1.6 kWh
Lifetime Energy: 246.2 kWh
